# Logfile created on 2014-01-06 10:35:22 -0500 by logger.rb/36483
E, [2014-01-06T10:35:22.996744 #79952] ERROR -- : Errno::EACCES: Permission denied - /Library/Ruby/Gems/2.0.0/build_info/rake-10.1.0.info
/System/Library/Frameworks/Ruby.framework/Versions/2.0/usr/lib/ruby/2.0.0/open-uri.rb:36:in `initialize'  \n/System/Library/Frameworks/Ruby.framework/Versions/2.0/usr/lib/ruby/2.0.0/open-uri.rb:36:in `open'  \n/System/Library/Frameworks/Ruby.framework/Versions/2.0/usr/lib/ruby/2.0.0/open-uri.rb:36:in `open'  \n/System/Library/Frameworks/Ruby.framework/Versions/2.0/usr/lib/ruby/2.0.0/rubygems/installer.rb:776:in `write_build_info_file'  \n/System/Library/Frameworks/Ruby.framework/Versions/2.0/usr/lib/ruby/2.0.0/rubygems/installer.rb:219:in `install'  \n/Library/Ruby/Gems/2.0.0/gems/bundler-1.5.1/lib/bundler/source/rubygems.rb:101:in `block in install'  \n/Library/Ruby/Gems/2.0.0/gems/bundler-1.5.1/lib/bundler/rubygems_integration.rb:118:in `preserve_paths'  \n/Library/Ruby/Gems/2.0.0/gems/bundler-1.5.1/lib/bundler/source/rubygems.rb:94:in `install'  \n/Library/Ruby/Gems/2.0.0/gems/bundler-1.5.1/lib/bundler/installer.rb:111:in `block in install_gem_from_spec'  \n/Library/Ruby/Gems/2.0.0/gems/bundler-1.5.1/lib/bundler/rubygems_integration.rb:150:in `with_build_args'  \n/Library/Ruby/Gems/2.0.0/gems/bundler-1.5.1/lib/bundler/installer.rb:110:in `install_gem_from_spec'  \n/Library/Ruby/Gems/2.0.0/gems/bundler-1.5.1/lib/bundler/installer.rb:295:in `block in install_sequentially'  \n/System/Library/Frameworks/Ruby.framework/Versions/2.0/usr/lib/ruby/2.0.0/forwardable.rb:171:in `each'  \n/System/Library/Frameworks/Ruby.framework/Versions/2.0/usr/lib/ruby/2.0.0/forwardable.rb:171:in `each'  \n/Library/Ruby/Gems/2.0.0/gems/bundler-1.5.1/lib/bundler/installer.rb:294:in `install_sequentially'  \n/Library/Ruby/Gems/2.0.0/gems/bundler-1.5.1/lib/bundler/installer.rb:97:in `run'  \n/Library/Ruby/Gems/2.0.0/gems/bundler-1.5.1/lib/bundler/installer.rb:15:in `install'  \n/Library/Ruby/Gems/2.0.0/gems/bundler-1.5.1/lib/bundler/cli.rb:257:in `install'  \n/Library/Ruby/Gems/2.0.0/gems/bundler-1.5.1/lib/bundler/vendor/thor/command.rb:27:in `run'  \n/Library/Ruby/Gems/2.0.0/gems/bundler-1.5.1/lib/bundler/vendor/thor/invocation.rb:120:in `invoke_command'  \n/Library/Ruby/Gems/2.0.0/gems/bundler-1.5.1/lib/bundler/vendor/thor.rb:363:in `dispatch'  \n/Library/Ruby/Gems/2.0.0/gems/bundler-1.5.1/lib/bundler/vendor/thor/base.rb:438:in `start'  \n/Library/Ruby/Gems/2.0.0/gems/bundler-1.5.1/lib/bundler/cli.rb:10:in `start'  \n/Library/Ruby/Gems/2.0.0/gems/bundler-1.5.1/bin/bundle:22:in `block in <top (required)>'  \n/Library/Ruby/Gems/2.0.0/gems/bundler-1.5.1/lib/bundler/friendly_errors.rb:5:in `with_friendly_errors'  \n/Library/Ruby/Gems/2.0.0/gems/bundler-1.5.1/bin/bundle:22:in `<top (required)>'  \n/usr/bin/bundle:23:in `load'  \n/usr/bin/bundle:23:in `<main>'
I, [2014-01-06T10:45:01.115888 #83970]  INFO -- : 0:  rake (10.1.1) from /Library/Ruby/Gems/2.0.0/specifications/rake-10.1.1.gemspec
I, [2014-01-06T10:45:01.116272 #83970]  INFO -- : 0:  i18n (0.6.9) from /Library/Ruby/Gems/2.0.0/specifications/i18n-0.6.9.gemspec
I, [2014-01-06T10:45:01.116498 #83970]  INFO -- : 0:  minitest (4.7.5) from /Library/Ruby/Gems/2.0.0/specifications/minitest-4.7.5.gemspec
I, [2014-01-06T10:45:01.116717 #83970]  INFO -- : 0:  multi_json (1.8.2) from /Library/Ruby/Gems/2.0.0/specifications/multi_json-1.8.2.gemspec
I, [2014-01-06T10:45:01.116933 #83970]  INFO -- : 0:  atomic (1.1.14) from /Library/Ruby/Gems/2.0.0/specifications/atomic-1.1.14.gemspec
I, [2014-01-06T10:45:01.117149 #83970]  INFO -- : 0:  thread_safe (0.1.3) from /Library/Ruby/Gems/2.0.0/specifications/thread_safe-0.1.3.gemspec
I, [2014-01-06T10:45:01.117363 #83970]  INFO -- : 0:  tzinfo (0.3.38) from /Library/Ruby/Gems/2.0.0/specifications/tzinfo-0.3.38.gemspec
I, [2014-01-06T10:45:01.117575 #83970]  INFO -- : 0:  activesupport (4.0.2) from /Library/Ruby/Gems/2.0.0/specifications/activesupport-4.0.2.gemspec
I, [2014-01-06T10:45:01.117788 #83970]  INFO -- : 0:  builder (3.1.4) from /Library/Ruby/Gems/2.0.0/specifications/builder-3.1.4.gemspec
I, [2014-01-06T10:45:01.118012 #83970]  INFO -- : 0:  erubis (2.7.0) from /Library/Ruby/Gems/2.0.0/specifications/erubis-2.7.0.gemspec
I, [2014-01-06T10:45:01.118222 #83970]  INFO -- : 0:  rack (1.5.2) from /Library/Ruby/Gems/2.0.0/specifications/rack-1.5.2.gemspec
I, [2014-01-06T10:45:01.118431 #83970]  INFO -- : 0:  rack-test (0.6.2) from /Library/Ruby/Gems/2.0.0/specifications/rack-test-0.6.2.gemspec
I, [2014-01-06T10:45:01.118641 #83970]  INFO -- : 0:  actionpack (4.0.2) from /Library/Ruby/Gems/2.0.0/specifications/actionpack-4.0.2.gemspec
I, [2014-01-06T10:45:01.118851 #83970]  INFO -- : 0:  mime-types (1.25.1) from /Library/Ruby/Gems/2.0.0/specifications/mime-types-1.25.1.gemspec
I, [2014-01-06T10:45:01.119059 #83970]  INFO -- : 0:  polyglot (0.3.3) from /Library/Ruby/Gems/2.0.0/specifications/polyglot-0.3.3.gemspec
I, [2014-01-06T10:45:01.119267 #83970]  INFO -- : 0:  treetop (1.4.15) from /Library/Ruby/Gems/2.0.0/specifications/treetop-1.4.15.gemspec
I, [2014-01-06T10:45:01.119475 #83970]  INFO -- : 0:  mail (2.5.4) from /Library/Ruby/Gems/2.0.0/specifications/mail-2.5.4.gemspec
I, [2014-01-06T10:45:01.119686 #83970]  INFO -- : 0:  actionmailer (4.0.2) from /Library/Ruby/Gems/2.0.0/specifications/actionmailer-4.0.2.gemspec
I, [2014-01-06T10:45:01.119895 #83970]  INFO -- : 0:  activemodel (4.0.2) from /Library/Ruby/Gems/2.0.0/specifications/activemodel-4.0.2.gemspec
I, [2014-01-06T10:45:01.120108 #83970]  INFO -- : 0:  activerecord-deprecated_finders (1.0.3) from /Library/Ruby/Gems/2.0.0/specifications/activerecord-deprecated_finders-1.0.3.gemspec
I, [2014-01-06T10:45:01.120315 #83970]  INFO -- : 0:  arel (4.0.1) from /Library/Ruby/Gems/2.0.0/specifications/arel-4.0.1.gemspec
I, [2014-01-06T10:45:01.120526 #83970]  INFO -- : 0:  activerecord (4.0.2) from /Library/Ruby/Gems/2.0.0/specifications/activerecord-4.0.2.gemspec
E, [2014-01-06T10:45:05.756514 #83970] ERROR -- : Errno::EACCES: Permission denied - /Library/Ruby/Gems/2.0.0/build_info/awesome_print-1.2.0.info
/System/Library/Frameworks/Ruby.framework/Versions/2.0/usr/lib/ruby/2.0.0/open-uri.rb:36:in `initialize'  \n/System/Library/Frameworks/Ruby.framework/Versions/2.0/usr/lib/ruby/2.0.0/open-uri.rb:36:in `open'  \n/System/Library/Frameworks/Ruby.framework/Versions/2.0/usr/lib/ruby/2.0.0/open-uri.rb:36:in `open'  \n/System/Library/Frameworks/Ruby.framework/Versions/2.0/usr/lib/ruby/2.0.0/rubygems/installer.rb:776:in `write_build_info_file'  \n/System/Library/Frameworks/Ruby.framework/Versions/2.0/usr/lib/ruby/2.0.0/rubygems/installer.rb:219:in `install'  \n/Library/Ruby/Gems/2.0.0/gems/bundler-1.5.1/lib/bundler/source/rubygems.rb:101:in `block in install'  \n/Library/Ruby/Gems/2.0.0/gems/bundler-1.5.1/lib/bundler/rubygems_integration.rb:118:in `preserve_paths'  \n/Library/Ruby/Gems/2.0.0/gems/bundler-1.5.1/lib/bundler/source/rubygems.rb:94:in `install'  \n/Library/Ruby/Gems/2.0.0/gems/bundler-1.5.1/lib/bundler/installer.rb:111:in `block in install_gem_from_spec'  \n/Library/Ruby/Gems/2.0.0/gems/bundler-1.5.1/lib/bundler/rubygems_integration.rb:150:in `with_build_args'  \n/Library/Ruby/Gems/2.0.0/gems/bundler-1.5.1/lib/bundler/installer.rb:110:in `install_gem_from_spec'  \n/Library/Ruby/Gems/2.0.0/gems/bundler-1.5.1/lib/bundler/installer.rb:295:in `block in install_sequentially'  \n/System/Library/Frameworks/Ruby.framework/Versions/2.0/usr/lib/ruby/2.0.0/forwardable.rb:171:in `each'  \n/System/Library/Frameworks/Ruby.framework/Versions/2.0/usr/lib/ruby/2.0.0/forwardable.rb:171:in `each'  \n/Library/Ruby/Gems/2.0.0/gems/bundler-1.5.1/lib/bundler/installer.rb:294:in `install_sequentially'  \n/Library/Ruby/Gems/2.0.0/gems/bundler-1.5.1/lib/bundler/installer.rb:97:in `run'  \n/Library/Ruby/Gems/2.0.0/gems/bundler-1.5.1/lib/bundler/installer.rb:15:in `install'  \n/Library/Ruby/Gems/2.0.0/gems/bundler-1.5.1/lib/bundler/cli.rb:257:in `install'  \n/Library/Ruby/Gems/2.0.0/gems/bundler-1.5.1/lib/bundler/vendor/thor/command.rb:27:in `run'  \n/Library/Ruby/Gems/2.0.0/gems/bundler-1.5.1/lib/bundler/vendor/thor/invocation.rb:120:in `invoke_command'  \n/Library/Ruby/Gems/2.0.0/gems/bundler-1.5.1/lib/bundler/vendor/thor.rb:363:in `dispatch'  \n/Library/Ruby/Gems/2.0.0/gems/bundler-1.5.1/lib/bundler/vendor/thor/base.rb:438:in `start'  \n/Library/Ruby/Gems/2.0.0/gems/bundler-1.5.1/lib/bundler/cli.rb:10:in `start'  \n/Library/Ruby/Gems/2.0.0/gems/bundler-1.5.1/bin/bundle:22:in `block in <top (required)>'  \n/Library/Ruby/Gems/2.0.0/gems/bundler-1.5.1/lib/bundler/friendly_errors.rb:5:in `with_friendly_errors'  \n/Library/Ruby/Gems/2.0.0/gems/bundler-1.5.1/bin/bundle:22:in `<top (required)>'  \n/usr/bin/bundle:23:in `load'  \n/usr/bin/bundle:23:in `<main>'
I, [2014-01-06T10:52:12.174176 #19481]  INFO -- : 0:  rake (10.1.1) from /Users/akalaiselvan/.rvm/gems/ruby-2.0.0-p353/specifications/rake-10.1.1.gemspec
I, [2014-01-06T10:52:12.885227 #19481]  INFO -- : 0:  i18n (0.6.9) from /Users/akalaiselvan/.rvm/gems/ruby-2.0.0-p353/specifications/i18n-0.6.9.gemspec
I, [2014-01-06T10:52:13.130578 #19481]  INFO -- : 0:  minitest (4.7.5) from /Users/akalaiselvan/.rvm/gems/ruby-2.0.0-p353/specifications/minitest-4.7.5.gemspec
I, [2014-01-06T10:52:13.338521 #19481]  INFO -- : 0:  multi_json (1.8.2) from /Users/akalaiselvan/.rvm/gems/ruby-2.0.0-p353/specifications/multi_json-1.8.2.gemspec
I, [2014-01-06T10:52:13.833864 #19481]  INFO -- : 0:  atomic (1.1.14) from /Users/akalaiselvan/.rvm/gems/ruby-2.0.0-p353/specifications/atomic-1.1.14.gemspec
I, [2014-01-06T10:52:14.111449 #19481]  INFO -- : 0:  thread_safe (0.1.3) from /Users/akalaiselvan/.rvm/gems/ruby-2.0.0-p353/specifications/thread_safe-0.1.3.gemspec
I, [2014-01-06T10:52:14.668078 #19481]  INFO -- : 0:  tzinfo (0.3.38) from /Users/akalaiselvan/.rvm/gems/ruby-2.0.0-p353/specifications/tzinfo-0.3.38.gemspec
I, [2014-01-06T10:52:15.063751 #19481]  INFO -- : 0:  activesupport (4.0.2) from /Users/akalaiselvan/.rvm/gems/ruby-2.0.0-p353/specifications/activesupport-4.0.2.gemspec
I, [2014-01-06T10:52:15.294537 #19481]  INFO -- : 0:  builder (3.1.4) from /Users/akalaiselvan/.rvm/gems/ruby-2.0.0-p353/specifications/builder-3.1.4.gemspec
I, [2014-01-06T10:52:15.671075 #19481]  INFO -- : 0:  erubis (2.7.0) from /Users/akalaiselvan/.rvm/gems/ruby-2.0.0-p353/specifications/erubis-2.7.0.gemspec
I, [2014-01-06T10:52:15.989222 #19481]  INFO -- : 0:  rack (1.5.2) from /Users/akalaiselvan/.rvm/gems/ruby-2.0.0-p353/specifications/rack-1.5.2.gemspec
I, [2014-01-06T10:52:16.209376 #19481]  INFO -- : 0:  rack-test (0.6.2) from /Users/akalaiselvan/.rvm/gems/ruby-2.0.0-p353/specifications/rack-test-0.6.2.gemspec
I, [2014-01-06T10:52:16.644724 #19481]  INFO -- : 0:  actionpack (4.0.2) from /Users/akalaiselvan/.rvm/gems/ruby-2.0.0-p353/specifications/actionpack-4.0.2.gemspec
I, [2014-01-06T10:52:16.931798 #19481]  INFO -- : 0:  mime-types (1.25.1) from /Users/akalaiselvan/.rvm/gems/ruby-2.0.0-p353/specifications/mime-types-1.25.1.gemspec
I, [2014-01-06T10:52:17.134498 #19481]  INFO -- : 0:  polyglot (0.3.3) from /Users/akalaiselvan/.rvm/gems/ruby-2.0.0-p353/specifications/polyglot-0.3.3.gemspec
I, [2014-01-06T10:52:17.446100 #19481]  INFO -- : 0:  treetop (1.4.15) from /Users/akalaiselvan/.rvm/gems/ruby-2.0.0-p353/specifications/treetop-1.4.15.gemspec
I, [2014-01-06T10:52:17.816171 #19481]  INFO -- : 0:  mail (2.5.4) from /Users/akalaiselvan/.rvm/gems/ruby-2.0.0-p353/specifications/mail-2.5.4.gemspec
I, [2014-01-06T10:52:18.009380 #19481]  INFO -- : 0:  actionmailer (4.0.2) from /Users/akalaiselvan/.rvm/gems/ruby-2.0.0-p353/specifications/actionmailer-4.0.2.gemspec
I, [2014-01-06T10:52:18.233902 #19481]  INFO -- : 0:  activemodel (4.0.2) from /Users/akalaiselvan/.rvm/gems/ruby-2.0.0-p353/specifications/activemodel-4.0.2.gemspec
I, [2014-01-06T10:52:18.433910 #19481]  INFO -- : 0:  activerecord-deprecated_finders (1.0.3) from /Users/akalaiselvan/.rvm/gems/ruby-2.0.0-p353/specifications/activerecord-deprecated_finders-1.0.3.gemspec
I, [2014-01-06T10:52:18.687321 #19481]  INFO -- : 0:  arel (4.0.1) from /Users/akalaiselvan/.rvm/gems/ruby-2.0.0-p353/specifications/arel-4.0.1.gemspec
I, [2014-01-06T10:52:19.061449 #19481]  INFO -- : 0:  activerecord (4.0.2) from /Users/akalaiselvan/.rvm/gems/ruby-2.0.0-p353/specifications/activerecord-4.0.2.gemspec
I, [2014-01-06T10:52:19.380262 #19481]  INFO -- : 0:  awesome_print (1.2.0) from /Users/akalaiselvan/.rvm/gems/ruby-2.0.0-p353/specifications/awesome_print-1.2.0.gemspec
I, [2014-01-06T10:52:19.425667 #19481]  INFO -- : 0:  browser (0.3.2) from /Users/akalaiselvan/Projects/ruby/browser/browser.gemspec
I, [2014-01-06T10:52:19.425981 #19481]  INFO -- : 0:  bundler (1.5.1) from /Users/akalaiselvan/.rvm/gems/ruby-2.0.0-p353@global/specifications/bundler-1.5.1.gemspec
I, [2014-01-06T10:52:19.768312 #19481]  INFO -- : 0:  coderay (1.1.0) from /Users/akalaiselvan/.rvm/gems/ruby-2.0.0-p353/specifications/coderay-1.1.0.gemspec
I, [2014-01-06T10:52:19.981116 #19481]  INFO -- : 0:  hike (1.2.3) from /Users/akalaiselvan/.rvm/gems/ruby-2.0.0-p353/specifications/hike-1.2.3.gemspec
I, [2014-01-06T10:52:20.172110 #19481]  INFO -- : 0:  method_source (0.8.2) from /Users/akalaiselvan/.rvm/gems/ruby-2.0.0-p353/specifications/method_source-0.8.2.gemspec
I, [2014-01-06T10:52:20.368276 #19481]  INFO -- : 0:  slop (3.4.7) from /Users/akalaiselvan/.rvm/gems/ruby-2.0.0-p353/specifications/slop-3.4.7.gemspec
I, [2014-01-06T10:52:20.724413 #19481]  INFO -- : 0:  pry (0.9.12.4) from /Users/akalaiselvan/.rvm/gems/ruby-2.0.0-p353/specifications/pry-0.9.12.4.gemspec
I, [2014-01-06T10:52:20.923906 #19481]  INFO -- : 0:  pry-nav (0.2.3) from /Users/akalaiselvan/.rvm/gems/ruby-2.0.0-p353/specifications/pry-nav-0.2.3.gemspec
I, [2014-01-06T10:52:21.111956 #19481]  INFO -- : 0:  pry-remote (0.1.7) from /Users/akalaiselvan/.rvm/gems/ruby-2.0.0-p353/specifications/pry-remote-0.1.7.gemspec
I, [2014-01-06T10:52:21.743185 #19481]  INFO -- : 0:  pry-meta (0.0.5) from /Users/akalaiselvan/.rvm/gems/ruby-2.0.0-p353/specifications/pry-meta-0.0.5.gemspec
I, [2014-01-06T10:52:22.019309 #19481]  INFO -- : 0:  thor (0.18.1) from /Users/akalaiselvan/.rvm/gems/ruby-2.0.0-p353/specifications/thor-0.18.1.gemspec
I, [2014-01-06T10:52:22.363931 #19481]  INFO -- : 0:  railties (4.0.2) from /Users/akalaiselvan/.rvm/gems/ruby-2.0.0-p353/specifications/railties-4.0.2.gemspec
I, [2014-01-06T10:52:22.606401 #19481]  INFO -- : 0:  tilt (1.4.1) from /Users/akalaiselvan/.rvm/gems/ruby-2.0.0-p353/specifications/tilt-1.4.1.gemspec
I, [2014-01-06T10:52:22.862061 #19481]  INFO -- : 0:  sprockets (2.10.1) from /Users/akalaiselvan/.rvm/gems/ruby-2.0.0-p353/specifications/sprockets-2.10.1.gemspec
I, [2014-01-06T10:52:23.084099 #19481]  INFO -- : 0:  sprockets-rails (2.0.1) from /Users/akalaiselvan/.rvm/gems/ruby-2.0.0-p353/specifications/sprockets-rails-2.0.1.gemspec
I, [2014-01-06T10:52:24.018110 #19481]  INFO -- : 0:  rails (4.0.2) from /Users/akalaiselvan/.rvm/gems/ruby-2.0.0-p353/specifications/rails-4.0.2.gemspec
